[master (root-commit) edf2dfd] Make IRCclient
 22 files changed, 1868 insertions(+)
 create mode 100644 .local.git.out
 create mode 100755 Client
 create mode 100644 Client.cc
 create mode 100755 IRCClient
 create mode 100644 IRCClient.cc
 create mode 100644 Makefile
 create mode 100755 TestIRCServer
 create mode 100644 TestIRCServer.c
 create mode 100755 entry
 create mode 100644 entry.c
 create mode 100644 entry.cc
 create mode 100755 hello
 create mode 100644 hello.c
 create mode 100755 labelex
 create mode 100644 labelex.c
 create mode 100755 panned
 create mode 100644 panned.c
 create mode 100755 radio
 create mode 100644 radio.c
 create mode 100644 talk-client.c
 create mode 100755 timer
 create mode 100644 timer.c
[master 02fec58] Make IRCclient
 2 files changed, 24 insertions(+)
 delete mode 100755 Client
[master 96ad31d] Make IRCclient
 3 files changed, 4 insertions(+), 1 deletion(-)
 create mode 100755 Client
[master 7da1522] Make IRCclient
 3 files changed, 27 insertions(+), 7 deletions(-)
[master 77de960] Make IRCclient
 3 files changed, 62 insertions(+), 6 deletions(-)
[master 820250b] Make IRCclient
 3 files changed, 4 insertions(+), 2 deletions(-)
[master 605673e] Make IRCclient
 3 files changed, 8 insertions(+), 6 deletions(-)
[master 0a39de4] Make IRCclient
 3 files changed, 6 insertions(+), 1 deletion(-)
[master 37ff34d] Make IRCclient
 3 files changed, 3 insertions(+)
[master dfb07b3] Make IRCclient
 3 files changed, 3 insertions(+), 1 deletion(-)
[master 77752b6] Make IRCclient
 3 files changed, 3 insertions(+), 1 deletion(-)
[master d169a63] Make IRCclient
 3 files changed, 3 insertions(+), 1 deletion(-)
[master 912a6f9] Make IRCclient
 3 files changed, 4 insertions(+), 1 deletion(-)
[master b7c2238] Make IRCclient
 3 files changed, 3 insertions(+), 1 deletion(-)
[master bc8206c] Make IRCclient
 3 files changed, 4 insertions(+), 2 deletions(-)
[master 2c4bfe6] Make IRCclient
 3 files changed, 4 insertions(+), 2 deletions(-)
[master 7f08d4f] Make IRCclient
 3 files changed, 4 insertions(+), 1 deletion(-)
[master 3d3e191] Make IRCclient
 3 files changed, 6 insertions(+), 4 deletions(-)
[master 89d1abc] Make IRCclient
 3 files changed, 8 insertions(+), 2 deletions(-)
[master 119239b] Make IRCclient
 1 file changed, 2 insertions(+)
[master bf09478] Make IRCclient
 1 file changed, 2 insertions(+)
[master 0cb3cc4] Make IRCclient
 1 file changed, 2 insertions(+)
[master 80797e9] Make IRCclient
 1 file changed, 2 insertions(+)
[master 78dc812] Make IRCclient
 1 file changed, 2 insertions(+)
[master ff628b6] Make IRCclient
 1 file changed, 2 insertions(+)
[master e55615e] Make IRCclient
 3 files changed, 3 insertions(+), 1 deletion(-)
[master f209771] Make IRCclient
 3 files changed, 7 insertions(+), 4 deletions(-)
[master 6e0689f] Make IRCclient
 3 files changed, 14 insertions(+), 6 deletions(-)
[master 7950db1] Make IRCclient
 3 files changed, 5 insertions(+), 3 deletions(-)
[master 9bae8c0] Make IRCclient
 3 files changed, 5 insertions(+), 2 deletions(-)
[master adebc91] Make IRCclient
 3 files changed, 25 insertions(+), 8 deletions(-)
[master 9c711b3] Make IRCclient
 3 files changed, 4 insertions(+), 1 deletion(-)
[master d1fa61a] Make IRCclient
 3 files changed, 3 insertions(+), 1 deletion(-)
[master 7f7b77c] Make IRCclient
 3 files changed, 3 insertions(+), 1 deletion(-)
[master c259457] Make IRCclient
 3 files changed, 3 insertions(+), 1 deletion(-)
[master ef3fa53] Make IRCclient
 3 files changed, 3 insertions(+), 1 deletion(-)
[master bf8f06f] Make IRCclient
 3 files changed, 3 insertions(+)
[master 7af2f56] Make IRCclient
 3 files changed, 29 insertions(+), 41 deletions(-)
[master 388c684] Make IRCclient
 3 files changed, 4 insertions(+), 38 deletions(-)
[master 4a4736c] Make IRCclient
 3 files changed, 4 insertions(+), 2 deletions(-)
 rewrite Client (79%)
[master 51e1cbb] Make IRCclient
 1 file changed, 3 insertions(+)
[master 93c78e5] Make IRCclient
 3 files changed, 46 insertions(+), 21 deletions(-)
 rewrite Client (86%)
[master 78f5de9] Make IRCclient
 1 file changed, 3 insertions(+)
[master 6cdfc88] Make IRCclient
 3 files changed, 15 insertions(+), 7 deletions(-)
[master a5c6e5a] Make IRCclient
 3 files changed, 5 insertions(+), 2 deletions(-)
[master 781dfae] Make IRCclient
 3 files changed, 6 insertions(+), 2 deletions(-)
[master 0c02637] Make IRCclient
 3 files changed, 3 insertions(+), 1 deletion(-)
[master cc85f3e] Make IRCclient
 3 files changed, 4 insertions(+), 2 deletions(-)
[master 0c90b39] Make IRCclient
 3 files changed, 4 insertions(+)
[master cd2189d] Make IRCclient
 3 files changed, 5 insertions(+), 4 deletions(-)
[master 9859ffe] Make IRCclient
 3 files changed, 38 insertions(+), 12 deletions(-)
[master 21d133e] Make IRCclient
 3 files changed, 4 insertions(+), 2 deletions(-)
[master bb00927] Make IRCclient
 3 files changed, 3 insertions(+), 1 deletion(-)
 rewrite Client (76%)
[master 65254a3] Make IRCclient
 3 files changed, 6 insertions(+), 3 deletions(-)
 rewrite Client (76%)
[master c01955d] Make IRCclient
 3 files changed, 94 insertions(+), 9 deletions(-)
 rewrite Client (73%)
[master 55f0c30] Make IRCclient
 3 files changed, 4 insertions(+), 1 deletion(-)
[master 9873525] Make IRCclient
 1 file changed, 2 insertions(+)
[master 1b6cf38] Make IRCclient
 3 files changed, 9 insertions(+), 5 deletions(-)
[master af71597] Make IRCclient
 3 files changed, 10 insertions(+), 5 deletions(-)
[master c8ea830] Make IRCclient
 3 files changed, 8 insertions(+), 9 deletions(-)
 rewrite Client (78%)
[master 83639b7] Make IRCclient
 3 files changed, 31 insertions(+), 3 deletions(-)
 rewrite Client (69%)
[master 3e6b327] Make IRCclient
 2 files changed, 4 insertions(+), 1 deletion(-)
[master 6d44e33] Make IRCclient
 2 files changed, 3 insertions(+), 1 deletion(-)
[master f95f4d6] Make IRCclient
 3 files changed, 79 insertions(+), 35 deletions(-)
 rewrite Client (84%)
